<?xml version="1.0" encoding="UTF-8"?>
<!-- Generated by org.testng.reporters.JUnitReportReporter -->
<testsuite skipped="0" hostname="EQ-EQ7501146" name="tests.UsersTest" tests="1" failures="0" timestamp="2021-10-11T21:38:40 EET" time="7.884" errors="0">
  <testcase name="addNewUserSuccessfully" time="7.884" classname="tests.UsersTest"/>
  <system-out/>
</testsuite> <!-- tests.UsersTest -->
