<?xml version="1.0" encoding="UTF-8"?>
<!-- Generated by org.testng.reporters.JUnitReportReporter -->
<testsuite skipped="0" hostname="EQ-EQ7501146" name="tests.LoginTest" tests="1" failures="0" timestamp="2021-10-11T21:38:40 EET" time="5.248" errors="0">
  <testcase name="userCanLoginSuccessfully" time="5.248" classname="tests.LoginTest"/>
  <system-out/>
</testsuite> <!-- tests.LoginTest -->
